2023-08-25T06:28:06+00:00 CRITICAL Uncaught Error: Call to undefined function get_current_screen() in /home/c8g16oe0sqg4/public_html/edigital-signage/wp-content/plugins/revslider/includes/functions.class.php:1693
Stack trace:
#0 /home/c8g16oe0sqg4/public_html/edigital-signage/wp-content/plugins/revslider/revslider.php(117): RevSliderFunctions->_is_gutenberg_page()
#1 /home/c8g16oe0sqg4/public_html/edigital-signage/wp-includes/shortcodes.php(355): rev_slider_shortcode()
#2 [internal function]: do_shortcode_tag()
#3 /home/c8g16oe0sqg4/public_html/edigital-signage/wp-includes/shortcodes.php(227): preg_replace_callback()
#4 /home/c8g16oe0sqg4/public_html/edigital-signage/wp-content/plugins/revslider/admin/includes/shortcode_generator/elementor/elementor-widget.class.php(147): do_shortcode()
#5 /home/c8g16oe0sqg4/public_html/edigital-signage/wp-content/plugins/elementor/includes/base/controls-stack.php(2243): RevSliderElementorWidget->render()
#6 /home/c8g16oe0sqg4/public_html/edigital-signage/wp-content/plugins/elementor/includes/base/widget-base.php(609): Elementor\Controls_Stack->render_by_mode()
#7 /home/c8g16oe0sqg4/public_html/edigital-signage/wp-content/plugins/elementor/includes/base/widget-base.php(750): Elementor\Widget_Base->render_content()
#8 /home/c8g16oe0sqg4/public_html/edigital-signage/wp-content/plugins/elementor/includes/base/element-base.php(449): Elementor\Widget_Base->print_content()
#9 /home/c8g16oe0sqg4/public_html/edigital-signage/wp-content/plugins/elementor/includes/base/element-base.php(1360): Elementor\Element_Base->print_element()
#10 /home/c8g16oe0sqg4/public_html/edigital-signage/wp-content/plugins/elementor/includes/base/element-base.php(449): Elementor\Element_Base->print_content()
#11 /home/c8g16oe0sqg4/public_html/edigital-signage/wp-content/plugins/elementor/includes/base/element-base.php(1360): Elementor\Element_Base->print_element()
#12 /home/c8g16oe0sqg4/public_html/edigital-signage/wp-content/plugins/elementor/includes/base/element-base.php(449): Elementor\Element_Base->print_content()
#13 /home/c8g16oe0sqg4/public_html/edigital-signage/wp-content/plugins/elementor/core/base/document.php(1711): Elementor\Element_Base->print_element()
#14 /home/c8g16oe0sqg4/public_html/edigital-signage/wp-content/plugins/elementor/core/base/document.php(1106): Elementor\Core\Base\Document->print_elements()
#15 /home/c8g16oe0sqg4/public_html/edigital-signage/wp-content/plugins/elementor/includes/frontend.php(1179): Elementor\Core\Base\Document->print_elements_with_wrapper()
#16 /home/c8g16oe0sqg4/public_html/edigital-signage/wp-content/plugins/elementor/includes/frontend.php(1074): Elementor\Frontend->get_builder_content()
#17 /home/c8g16oe0sqg4/public_html/edigital-signage/wp-includes/class-wp-hook.php(308): Elementor\Frontend->apply_builder_in_content()
#18 /home/c8g16oe0sqg4/public_html/edigital-signage/wp-includes/plugin.php(205): WP_Hook->apply_filters()
#19 /home/c8g16oe0sqg4/public_html/edigital-signage/wp-content/themes/liquory/inc/functions.php(249): apply_filters()
#20 /home/c8g16oe0sqg4/public_html/edigital-signage/wp-includes/class-wp-hook.php(308): liquory_sanitize_editor()
#21 /home/c8g16oe0sqg4/public_html/edigital-signage/wp-includes/plugin.php(205): WP_Hook->apply_filters()
#22 /home/c8g16oe0sqg4/public_html/edigital-signage/wp-includes/class-wp-customize-setting.php(576): apply_filters()
#23 /home/c8g16oe0sqg4/public_html/edigital-signage/wp-includes/class-wp-customize-manager.php(1834): WP_Customize_Setting->sanitize()
#24 /home/c8g16oe0sqg4/public_html/edigital-signage/wp-includes/class-wp-customize-setting.php(555): WP_Customize_Manager->post_value()
#25 /home/c8g16oe0sqg4/public_html/edigital-signage/wp-includes/class-wp-customize-setting.php(340): WP_Customize_Setting->post_value()
#26 /home/c8g16oe0sqg4/public_html/edigital-signage/wp-includes/class-wp-customize-manager.php(938): WP_Customize_Setting->preview()
#27 /home/c8g16oe0sqg4/public_html/edigital-signage/wp-includes/class-wp-hook.php(308): WP_Customize_Manager->wp_loaded()
#28 /home/c8g16oe0sqg4/public_html/edigital-signage/wp-includes/class-wp-hook.php(332): WP_Hook->apply_filters()
#29 /home/c8g16oe0sqg4/public_html/edigital-signage/wp-includes/plugin.php(517): WP_Hook->do_action()
#30 /home/c8g16oe0sqg4/public_html/edigital-signage/wp-settings.php(645): do_action()
#31 /home/c8g16oe0sqg4/public_html/edigital-signage/wp-config.php(105): require_once('/home/c8g16oe0s...')
#32 /home/c8g16oe0sqg4/public_html/edigital-signage/wp-load.php(50): require_once('/home/c8g16oe0s...')
#33 /home/c8g16oe0sqg4/public_html/edigital-signage/wp-admin/admin-ajax.php(22): require_once('/home/c8g16oe0s...')
#34 {main}
  thrown in /home/c8g16oe0sqg4/public_html/edigital-signage/wp-content/plugins/revslider/includes/functions.class.php on line 1693

2023-08-25T10:32:49+00:00 CRITICAL Uncaught Error: Call to undefined function get_current_screen() in /home/c8g16oe0sqg4/public_html/edigital-signage/wp-content/plugins/revslider/includes/functions.class.php:1693
Stack trace:
#0 /home/c8g16oe0sqg4/public_html/edigital-signage/wp-content/plugins/revslider/revslider.php(117): RevSliderFunctions->_is_gutenberg_page()
#1 /home/c8g16oe0sqg4/public_html/edigital-signage/wp-includes/shortcodes.php(355): rev_slider_shortcode()
#2 [internal function]: do_shortcode_tag()
#3 /home/c8g16oe0sqg4/public_html/edigital-signage/wp-includes/shortcodes.php(227): preg_replace_callback()
#4 /home/c8g16oe0sqg4/public_html/edigital-signage/wp-content/plugins/revslider/admin/includes/shortcode_generator/elementor/elementor-widget.class.php(147): do_shortcode()
#5 /home/c8g16oe0sqg4/public_html/edigital-signage/wp-content/plugins/elementor/includes/base/controls-stack.php(2243): RevSliderElementorWidget->render()
#6 /home/c8g16oe0sqg4/public_html/edigital-signage/wp-content/plugins/elementor/includes/base/widget-base.php(609): Elementor\Controls_Stack->render_by_mode()
#7 /home/c8g16oe0sqg4/public_html/edigital-signage/wp-content/plugins/elementor/includes/base/widget-base.php(750): Elementor\Widget_Base->render_content()
#8 /home/c8g16oe0sqg4/public_html/edigital-signage/wp-content/plugins/elementor/includes/base/element-base.php(449): Elementor\Widget_Base->print_content()
#9 /home/c8g16oe0sqg4/public_html/edigital-signage/wp-content/plugins/elementor/includes/base/element-base.php(1360): Elementor\Element_Base->print_element()
#10 /home/c8g16oe0sqg4/public_html/edigital-signage/wp-content/plugins/elementor/includes/base/element-base.php(449): Elementor\Element_Base->print_content()
#11 /home/c8g16oe0sqg4/public_html/edigital-signage/wp-content/plugins/elementor/includes/base/element-base.php(1360): Elementor\Element_Base->print_element()
#12 /home/c8g16oe0sqg4/public_html/edigital-signage/wp-content/plugins/elementor/includes/base/element-base.php(449): Elementor\Element_Base->print_content()
#13 /home/c8g16oe0sqg4/public_html/edigital-signage/wp-content/plugins/elementor/core/base/document.php(1711): Elementor\Element_Base->print_element()
#14 /home/c8g16oe0sqg4/public_html/edigital-signage/wp-content/plugins/elementor/core/base/document.php(1106): Elementor\Core\Base\Document->print_elements()
#15 /home/c8g16oe0sqg4/public_html/edigital-signage/wp-content/plugins/elementor/includes/frontend.php(1179): Elementor\Core\Base\Document->print_elements_with_wrapper()
#16 /home/c8g16oe0sqg4/public_html/edigital-signage/wp-content/plugins/elementor/includes/frontend.php(1074): Elementor\Frontend->get_builder_content()
#17 /home/c8g16oe0sqg4/public_html/edigital-signage/wp-includes/class-wp-hook.php(308): Elementor\Frontend->apply_builder_in_content()
#18 /home/c8g16oe0sqg4/public_html/edigital-signage/wp-includes/plugin.php(205): WP_Hook->apply_filters()
#19 /home/c8g16oe0sqg4/public_html/edigital-signage/wp-content/themes/liquory/inc/functions.php(249): apply_filters()
#20 /home/c8g16oe0sqg4/public_html/edigital-signage/wp-includes/class-wp-hook.php(308): liquory_sanitize_editor()
#21 /home/c8g16oe0sqg4/public_html/edigital-signage/wp-includes/plugin.php(205): WP_Hook->apply_filters()
#22 /home/c8g16oe0sqg4/public_html/edigital-signage/wp-includes/class-wp-customize-setting.php(576): apply_filters()
#23 /home/c8g16oe0sqg4/public_html/edigital-signage/wp-includes/class-wp-customize-manager.php(1834): WP_Customize_Setting->sanitize()
#24 /home/c8g16oe0sqg4/public_html/edigital-signage/wp-includes/class-wp-customize-setting.php(555): WP_Customize_Manager->post_value()
#25 /home/c8g16oe0sqg4/public_html/edigital-signage/wp-includes/class-wp-customize-setting.php(340): WP_Customize_Setting->post_value()
#26 /home/c8g16oe0sqg4/public_html/edigital-signage/wp-includes/class-wp-customize-manager.php(938): WP_Customize_Setting->preview()
#27 /home/c8g16oe0sqg4/public_html/edigital-signage/wp-includes/class-wp-hook.php(308): WP_Customize_Manager->wp_loaded()
#28 /home/c8g16oe0sqg4/public_html/edigital-signage/wp-includes/class-wp-hook.php(332): WP_Hook->apply_filters()
#29 /home/c8g16oe0sqg4/public_html/edigital-signage/wp-includes/plugin.php(517): WP_Hook->do_action()
#30 /home/c8g16oe0sqg4/public_html/edigital-signage/wp-settings.php(645): do_action()
#31 /home/c8g16oe0sqg4/public_html/edigital-signage/wp-config.php(105): require_once('/home/c8g16oe0s...')
#32 /home/c8g16oe0sqg4/public_html/edigital-signage/wp-load.php(50): require_once('/home/c8g16oe0s...')
#33 /home/c8g16oe0sqg4/public_html/edigital-signage/wp-admin/admin-ajax.php(22): require_once('/home/c8g16oe0s...')
#34 {main}
  thrown in /home/c8g16oe0sqg4/public_html/edigital-signage/wp-content/plugins/revslider/includes/functions.class.php on line 1693

